4    [main] INFO  Console  - X vaut : 5
7    [main] INFO  Console  - Valeur fib 0
7    [main] INFO  Console  - Valeur fib 1
7    [main] INFO  Console  - Valeur fib 1
7    [main] INFO  Console  - Valeur fib 2
7    [main] INFO  Console  - Valeur fib 3
2    [main] INFO  Console  - X vaut : 5
5    [main] INFO  Console  - Valeur fib 0
5    [main] INFO  Console  - Valeur fib 1
5    [main] INFO  Console  - Valeur fib 1
6    [main] INFO  Console  - Valeur fib 2
6    [main] INFO  Console  - Valeur fib 3
1    [main] INFO  Console  - X vaut : 9
7    [main] INFO  Console  - Valeur fib 0
7    [main] INFO  Console  - Valeur fib 1
7    [main] INFO  Console  - Valeur fib 1
7    [main] INFO  Console  - Valeur fib 2
7    [main] INFO  Console  - Valeur fib 3
7    [main] INFO  Console  - Valeur fib 5
7    [main] INFO  Console  - Valeur fib 8
7    [main] INFO  Console  - Valeur fib 13
7    [main] INFO  Console  - Valeur fib 21
0    [main] INFO  Console  - X vaut : 4
8    [main] INFO  Console  - Valeur fib 0
8    [main] INFO  Console  - Valeur fib 1
8    [main] INFO  Console  - Valeur fib 1
8    [main] INFO  Console  - Valeur fib 2
1008 [main] INFO  Console  - @digi_forex - Great article for anybody starting out with #Fibonacci Retracement #forex https://t.co/DTvN6tapHL https://t.co/4jDVblM0Nw
1008 [main] INFO  Console  - @ChrisGgm - RT @NeePourMouriiir: Monsieur on mérite 20/20 #ING2AFISA #Fibonacci
1008 [main] INFO  Console  - @NeePourMouriiir - RT @ChrisGgm: Bonjour Mr M. mettez nous 20 pour le TP d'outil de cycle de vie du logiciel svp #ING2AFAA #Fibonacci
1008 [main] INFO  Console  - @ChrisGgm - Bonjour Mr M. mettez nous 20 pour le TP d'outil de cycle de vie du logiciel svp #ING2AFAA #Fibonacci
1008 [main] INFO  Console  - @NeePourMouriiir - Monsieur on mérite 20/20 #ING2AFISA #Fibonacci
1008 [main] INFO  Console  - @ChrisGgm - #Fibonacci ? More like FiboNOcci
1008 [main] INFO  Console  - @star_rox - #OnyxFromTheUnderGround #Fibonacci #Detroit #Mc #Rappers  #DetroitVsEverybody #OnyxFibonacci #HipHop #REVIVAL… https://t.co/9OIUOY9PzJ
1008 [main] INFO  Console  - @ArtToEnjoy1 - RT @stephencimini: ⬛️ group beauty ⬛️ https://t.co/slFqyJwIKo #abstractart #interiordesign #originalart #artcollector #geometric #fibonacci…
1009 [main] INFO  Console  - @stephencimini - ⬛️ group beauty ⬛️ https://t.co/slFqyJwIKo #abstractart #interiordesign #originalart #artcollector #geometric… https://t.co/hkPKGXrItf
1009 [main] INFO  Console  - @canadianmines - RT @CsJeszek: $GOLD $GLD $GC #gold #GC #GLD #PROFIT #SHORT #Fibonacci #futures #Trading #Trade #FOREX
GOLD 15Min, 60Min Chart https://t.co/…
1009 [main] INFO  Console  - @CsJeszek - $GOLD $GLD $GC #gold #GC #GLD #PROFIT #SHORT #Fibonacci #futures #Trading #Trade #FOREX
GOLD 15Min, 60Min Chart https://t.co/RMJJmkl1yO
1009 [main] INFO  Console  - @ElliottForecast - The Golden Ratio is the key in many aspects of Life #elliottwave #trading #forex #Fibonacci https://t.co/BkYGmBkygZ
1009 [main] INFO  Console  - @CsJeszek - #NZD #USD #NZDUSD $NZDUSD #forex #forextrading #Fibonacci
NZDUSD 60Min Chart https://t.co/2rcLs1CZW3
0    [main] INFO  Console  - X vaut : 5
8    [main] INFO  Console  - Valeur fib 0
8    [main] INFO  Console  - Valeur fib 1
8    [main] INFO  Console  - Valeur fib 1
8    [main] INFO  Console  - Valeur fib 2
8    [main] INFO  Console  - Valeur fib 3
991  [main] INFO  Console  - @digi_forex - Great article for anybody starting out with #Fibonacci Retracement #forex https://t.co/DTvN6tapHL https://t.co/4jDVblM0Nw
991  [main] INFO  Console  - @ChrisGgm - RT @NeePourMouriiir: Monsieur on mérite 20/20 #ING2AFISA #Fibonacci
991  [main] INFO  Console  - @NeePourMouriiir - RT @ChrisGgm: Bonjour Mr M. mettez nous 20 pour le TP d'outil de cycle de vie du logiciel svp #ING2AFAA #Fibonacci
991  [main] INFO  Console  - @ChrisGgm - Bonjour Mr M. mettez nous 20 pour le TP d'outil de cycle de vie du logiciel svp #ING2AFAA #Fibonacci
991  [main] INFO  Console  - @NeePourMouriiir - Monsieur on mérite 20/20 #ING2AFISA #Fibonacci
991  [main] INFO  Console  - @ChrisGgm - #Fibonacci ? More like FiboNOcci
991  [main] INFO  Console  - @star_rox - #OnyxFromTheUnderGround #Fibonacci #Detroit #Mc #Rappers  #DetroitVsEverybody #OnyxFibonacci #HipHop #REVIVAL… https://t.co/9OIUOY9PzJ
991  [main] INFO  Console  - @ArtToEnjoy1 - RT @stephencimini: ⬛️ group beauty ⬛️ https://t.co/slFqyJwIKo #abstractart #interiordesign #originalart #artcollector #geometric #fibonacci…
991  [main] INFO  Console  - @stephencimini - ⬛️ group beauty ⬛️ https://t.co/slFqyJwIKo #abstractart #interiordesign #originalart #artcollector #geometric… https://t.co/hkPKGXrItf
991  [main] INFO  Console  - @canadianmines - RT @CsJeszek: $GOLD $GLD $GC #gold #GC #GLD #PROFIT #SHORT #Fibonacci #futures #Trading #Trade #FOREX
GOLD 15Min, 60Min Chart https://t.co/…
992  [main] INFO  Console  - @CsJeszek - $GOLD $GLD $GC #gold #GC #GLD #PROFIT #SHORT #Fibonacci #futures #Trading #Trade #FOREX
GOLD 15Min, 60Min Chart https://t.co/RMJJmkl1yO
992  [main] INFO  Console  - @ElliottForecast - The Golden Ratio is the key in many aspects of Life #elliottwave #trading #forex #Fibonacci https://t.co/BkYGmBkygZ
992  [main] INFO  Console  - @CsJeszek - #NZD #USD #NZDUSD $NZDUSD #forex #forextrading #Fibonacci
NZDUSD 60Min Chart https://t.co/2rcLs1CZW3
